<?xml version="1.0" encoding="utf-8"?><testsuites><testsuite name="pytest" errors="0" failures="0" skipped="0" tests="4" time="52.811" timestamp="2023-01-06T15:22:42.044271" hostname="IB-Pune-LAP-200"><testcase classname="test_HomePage.Test_HomePage" name="test_formSubmission[getData0]" time="2.650" /><testcase classname="test_HomePage.Test_HomePage" name="test_formSubmission[getData1]" time="0.668" /><testcase classname="test_endToEnd.Test_Ecommerce" name="test_end2end" time="24.791" /><testcase classname="test_simple.Test_Ecomm" name="test_e2e" time="24.610" /></testsuite></testsuites>